android/build/outputs/logs/manifest-merger-debug-report.txt
-- Merging decision tree log ---
manifest
ADDED from src\main\AndroidManifest.xml:2:3-6:14
INJECTED from src\main\AndroidManifest.xml:2:3-6:14
INJECTED from src\main\AndroidManifest.xml:2:3-6:14
INJECTED from src\main\AndroidManifest.xml:2:3-6:14
INJECTED from src\main\AndroidManifest.xml:2:3-6:14
INJECTED from src\main\AndroidManifest.xml:2:3-6:14
INJECTED from src\main\AndroidManifest.xml:2:3-6:14
	package
		ADDED from src\main\AndroidManifest.xml:3:7-63
		INJECTED from src\main\AndroidManifest.xml
		INJECTED from src\main\AndroidManifest.xml
	android:versionName
		INJECTED from src\main\AndroidManifest.xml
		ADDED from src\main\AndroidManifest.xml:2:3-6:14
		INJECTED from src\main\AndroidManifest.xml
	android:versionCode
		INJECTED from src\main\AndroidManifest.xml
		ADDED from src\main\AndroidManifest.xml:2:3-6:14
		INJECTED from src\main\AndroidManifest.xml
	xmlns:android
		ADDED from src\main\AndroidManifest.xml:2:13-71
uses-permission#android.permission.INTERNET
ADDED from src\main\AndroidManifest.xml:5:7-69
	android:name
		ADDED from src\main\AndroidManifest.xml:5:24-66
uses-sdk
INJECTED from src\main\AndroidManifest.xml reason: use-sdk injection requested
INJECTED from src\main\AndroidManifest.xml
INJECTED from src\main\AndroidManifest.xml
INJECTED from src\main\AndroidManifest.xml
INJECTED from src\main\AndroidManifest.xml
	android:targetSdkVersion
		INJECTED from src\main\AndroidManifest.xml
		ADDED from src\main\AndroidManifest.xml
		INJECTED from src\main\AndroidManifest.xml
	android:minSdkVersion
		INJECTED from src\main\AndroidManifest.xml
		ADDED from src\main\AndroidManifest.xml
		INJECTED from src\main\AndroidManifest.xml